20:23:48 com_github_zykrah_kicad-kle-placer.kle_placer_action 497: Plugin executed with python version: '3.11.5 (main, May 10 2024, 05:24:12) [MSC v.1939 64 bit (AMD64)]'
20:24:04 com_github_zykrah_kicad-kle-placer.kle_placer_action 512: User layout: Keyboard(meta=KeyboardMetadata(backcolor='#eeeeee', name='Bandung v1.0.0', author='Raidkaza', notes='', background=None, radii='', switchMount='cherry', switchBrand='gateron', switchType='', plate=False, pcb=True), keys=[Key(color='#cccccc', labels=['', '', '', '', 'M1', '', '', '', '', '', '', ''], text_color=[None, None, None, None, None, None, None, None, None, None, None, None], text_size=[None, None, None, None, None, None, None, None, None, None, None, None], default=KeyDefault(text_color='#000000', text_size=3), x=0.0, y=0.0, width=1.0, height=1.0, x2=0.0, y2=0.0, width2=1.0, height2=1.0, rotation_x=0.0, rotation_y=0.0, rotation_angle=0.0, decal=False, ghost=False, stepped=False, nub=False, profile='', sm='', sb='', st=''), Key(color='#cccccc', labels=['', '', '', '', 'M2', '', '', '', '', '', '', ''], text_color=[None, None, None, None, None, None, None, None, None, None, None, None], text_size=[None, None, None, None, None, None, None, None, None, None, None, None], default=KeyDefault(text_color='#000000', text_size=3), x=1.0, y=0.0, width=1, height=1, x2=0, y2=0, width2=1, height2=1, rotation_x=0.0, rotation_y=0.0, rotation_angle=0.0, decal=False, ghost=False, stepped=False, nub=False, profile='', sm='', sb='', st=''), Key(color='#cccccc', labels=['', '', '', '', 'M3', '', '', '', '', '', '', ''], text_color=[None, None, None, None, None, None, None, None, None, None, None, None], text_size=[None, None, None, None, None, None, None, None, None, None, None, None], default=KeyDefault(text_color='#000000', text_size=3), x=2.0, y=0.0, width=1, height=1, x2=0, y2=0, width2=1, height2=1, rotation_x=0.0, rotation_y=0.0, rotation_angle=0.0, decal=False, ghost=False, stepped=False, nub=False, profile='', sm='', sb='', st=''), Key(color='#cccccc', labels=['', '', '', '', 'M4', '', '', '', '', '', '', ''], text_color=[None, None, None, None, None, None, None, None, None, None, None, None], text_size=[None, None, None, None, None, None, None, None, None, None, None, None], default=KeyDefault(text_color='#000000', text_size=3), x=3.0, y=0.0, width=1, height=1, x2=0, y2=0, width2=1, height2=1, rotation_x=0.0, rotation_y=0.0, rotation_angle=0.0, decal=False, ghost=False, stepped=False, nub=False, profile='', sm='', sb='', st=''), Key(color='#cccccc', labels=['', '', '', '', 'M5', '', '', '', '', '', '', ''], text_color=[None, None, None, None, None, None, None, None, None, None, None, None], text_size=[None, None, None, None, None, None, None, None, None, None, None, None], default=KeyDefault(text_color='#000000', text_size=3), x=0.0, y=1.0, width=1, height=1, x2=0, y2=0, width2=1, height2=1, rotation_x=0.0, rotation_y=0.0, rotation_angle=0.0, decal=False, ghost=False, stepped=False, nub=False, profile='', sm='', sb='', st=''), Key(color='#cccccc', labels=['', '', '', '', 'M6', '', '', '', '', '', '', ''], text_color=[None, None, None, None, None, None, None, None, None, None, None, None], text_size=[None, None, None, None, None, None, None, None, None, None, None, None], default=KeyDefault(text_color='#000000', text_size=3), x=1.0, y=1.0, width=1, height=1, x2=0, y2=0, width2=1, height2=1, rotation_x=0.0, rotation_y=0.0, rotation_angle=0.0, decal=False, ghost=False, stepped=False, nub=False, profile='', sm='', sb='', st=''), Key(color='#cccccc', labels=['', '', '', '', 'M7', '', '', '', '', '', '', ''], text_color=[None, None, None, None, None, None, None, None, None, None, None, None], text_size=[None, None, None, None, None, None, None, None, None, None, None, None], default=KeyDefault(text_color='#000000', text_size=3), x=2.0, y=1.0, width=1, height=1, x2=0, y2=0, width2=1, height2=1, rotation_x=0.0, rotation_y=0.0, rotation_angle=0.0, decal=False, ghost=False, stepped=False, nub=False, profile='', sm='', sb='', st=''), Key(color='#cccccc', labels=['', '', '', '', 'M8', '', '', '', '', '', '', ''], text_color=[None, None, None, None, None, None, None, None, None, None, None, None], text_size=[None, None, None, None, None, None, None, None, None, None, None, None], default=KeyDefault(text_color='#000000', text_size=3), x=3.0, y=1.0, width=1, height=1, x2=0, y2=0, width2=1, height2=1, rotation_x=0.0, rotation_y=0.0, rotation_angle=0.0, decal=False, ghost=False, stepped=False, nub=False, profile='', sm='', sb='', st=''), Key(color='#cccccc', labels=['', '', '', '', 'M9', '', '', '', '', '', '', ''], text_color=[None, None, None, None, None, None, None, None, None, None, None, None], text_size=[None, None, None, None, None, None, None, None, None, None, None, None], default=KeyDefault(text_color='#000000', text_size=3), x=0.0, y=2.0, width=1, height=1, x2=0, y2=0, width2=1, height2=1, rotation_x=0.0, rotation_y=0.0, rotation_angle=0.0, decal=False, ghost=False, stepped=False, nub=False, profile='', sm='', sb='', st=''), Key(color='#cccccc', labels=['', '', '', '', 'M10', '', '', '', '', '', '', ''], text_color=[None, None, None, None, None, None, None, None, None, None, None, None], text_size=[None, None, None, None, None, None, None, None, None, None, None, None], default=KeyDefault(text_color='#000000', text_size=3), x=1.0, y=2.0, width=1, height=1, x2=0, y2=0, width2=1, height2=1, rotation_x=0.0, rotation_y=0.0, rotation_angle=0.0, decal=False, ghost=False, stepped=False, nub=False, profile='', sm='', sb='', st=''), Key(color='#cccccc', labels=['', '', '', '', 'M11', '', '', '', '', '', '', ''], text_color=[None, None, None, None, None, None, None, None, None, None, None, None], text_size=[None, None, None, None, None, None, None, None, None, None, None, None], default=KeyDefault(text_color='#000000', text_size=3), x=2.0, y=2.0, width=1, height=1, x2=0, y2=0, width2=1, height2=1, rotation_x=0.0, rotation_y=0.0, rotation_angle=0.0, decal=False, ghost=False, stepped=False, nub=False, profile='', sm='', sb='', st=''), Key(color='#cccccc', labels=['', '', '', '', 'M12', '', '', '', '', '', '', ''], text_color=[None, None, None, None, None, None, None, None, None, None, None, None], text_size=[None, None, None, None, None, None, None, None, None, None, None, None], default=KeyDefault(text_color='#000000', text_size=3), x=3.0, y=2.0, width=1, height=1, x2=0, y2=0, width2=1, height2=1, rotation_x=0.0, rotation_y=0.0, rotation_angle=0.0, decal=False, ghost=False, stepped=False, nub=False, profile='', sm='', sb='', st=''), Key(color='#cccccc', labels=['', '', '', '', 'M13', '', '', '', '', '', '', ''], text_color=[None, None, None, None, None, None, None, None, None, None, None, None], text_size=[None, None, None, None, None, None, None, None, None, None, None, None], default=KeyDefault(text_color='#000000', text_size=3), x=0.0, y=3.0, width=1, height=1, x2=0, y2=0, width2=1, height2=1, rotation_x=0.0, rotation_y=0.0, rotation_angle=0.0, decal=False, ghost=False, stepped=False, nub=False, profile='', sm='', sb='', st=''), Key(color='#cccccc', labels=['', '', '', '', 'M14', '', '', '', '', '', '', ''], text_color=[None, None, None, None, None, None, None, None, None, None, None, None], text_size=[None, None, None, None, None, None, None, None, None, None, None, None], default=KeyDefault(text_color='#000000', text_size=3), x=1.0, y=3.0, width=1, height=1, x2=0, y2=0, width2=1, height2=1, rotation_x=0.0, rotation_y=0.0, rotation_angle=0.0, decal=False, ghost=False, stepped=False, nub=False, profile='', sm='', sb='', st=''), Key(color='#cccccc', labels=['', '', '', '', 'M15', '', '', '', '', '', '', ''], text_color=[None, None, None, None, None, None, None, None, None, None, None, None], text_size=[None, None, None, None, None, None, None, None, None, None, None, None], default=KeyDefault(text_color='#000000', text_size=3), x=2.0, y=3.0, width=1, height=1, x2=0, y2=0, width2=1, height2=1, rotation_x=0.0, rotation_y=0.0, rotation_angle=0.0, decal=False, ghost=False, stepped=False, nub=False, profile='', sm='', sb='', st=''), Key(color='#cccccc', labels=['', '', '', '', 'M16', '', '', '', '', '', '', ''], text_color=[None, None, None, None, None, None, None, None, None, None, None, None], text_size=[None, None, None, None, None, None, None, None, None, None, None, None], default=KeyDefault(text_color='#000000', text_size=3), x=3.0, y=3.0, width=1, height=1, x2=0, y2=0, width2=1, height2=1, rotation_x=0.0, rotation_y=0.0, rotation_angle=0.0, decal=False, ghost=False, stepped=False, nub=False, profile='', sm='', sb='', st='')])
20:24:04 com_github_zykrah_kicad-kle-placer.kle_placer_action 181: [Key(color='#cccccc', labels=['', '', '', '', 'M1', '', '', '', '', '', '', ''], text_color=[None, None, None, None, None, None, None, None, None, None, None, None], text_size=[None, None, None, None, None, None, None, None, None, None, None, None], default=KeyDefault(text_color='#000000', text_size=3), x=0.0, y=0.0, width=1.0, height=1.0, x2=0.0, y2=0.0, width2=1.0, height2=1.0, rotation_x=0.0, rotation_y=0.0, rotation_angle=0.0, decal=False, ghost=False, stepped=False, nub=False, profile='', sm='', sb='', st=''), Key(color='#cccccc', labels=['', '', '', '', 'M2', '', '', '', '', '', '', ''], text_color=[None, None, None, None, None, None, None, None, None, None, None, None], text_size=[None, None, None, None, None, None, None, None, None, None, None, None], default=KeyDefault(text_color='#000000', text_size=3), x=1.0, y=0.0, width=1, height=1, x2=0, y2=0, width2=1, height2=1, rotation_x=0.0, rotation_y=0.0, rotation_angle=0.0, decal=False, ghost=False, stepped=False, nub=False, profile='', sm='', sb='', st=''), Key(color='#cccccc', labels=['', '', '', '', 'M3', '', '', '', '', '', '', ''], text_color=[None, None, None, None, None, None, None, None, None, None, None, None], text_size=[None, None, None, None, None, None, None, None, None, None, None, None], default=KeyDefault(text_color='#000000', text_size=3), x=2.0, y=0.0, width=1, height=1, x2=0, y2=0, width2=1, height2=1, rotation_x=0.0, rotation_y=0.0, rotation_angle=0.0, decal=False, ghost=False, stepped=False, nub=False, profile='', sm='', sb='', st=''), Key(color='#cccccc', labels=['', '', '', '', 'M4', '', '', '', '', '', '', ''], text_color=[None, None, None, None, None, None, None, None, None, None, None, None], text_size=[None, None, None, None, None, None, None, None, None, None, None, None], default=KeyDefault(text_color='#000000', text_size=3), x=3.0, y=0.0, width=1, height=1, x2=0, y2=0, width2=1, height2=1, rotation_x=0.0, rotation_y=0.0, rotation_angle=0.0, decal=False, ghost=False, stepped=False, nub=False, profile='', sm='', sb='', st=''), Key(color='#cccccc', labels=['', '', '', '', 'M5', '', '', '', '', '', '', ''], text_color=[None, None, None, None, None, None, None, None, None, None, None, None], text_size=[None, None, None, None, None, None, None, None, None, None, None, None], default=KeyDefault(text_color='#000000', text_size=3), x=0.0, y=1.0, width=1, height=1, x2=0, y2=0, width2=1, height2=1, rotation_x=0.0, rotation_y=0.0, rotation_angle=0.0, decal=False, ghost=False, stepped=False, nub=False, profile='', sm='', sb='', st=''), Key(color='#cccccc', labels=['', '', '', '', 'M6', '', '', '', '', '', '', ''], text_color=[None, None, None, None, None, None, None, None, None, None, None, None], text_size=[None, None, None, None, None, None, None, None, None, None, None, None], default=KeyDefault(text_color='#000000', text_size=3), x=1.0, y=1.0, width=1, height=1, x2=0, y2=0, width2=1, height2=1, rotation_x=0.0, rotation_y=0.0, rotation_angle=0.0, decal=False, ghost=False, stepped=False, nub=False, profile='', sm='', sb='', st=''), Key(color='#cccccc', labels=['', '', '', '', 'M7', '', '', '', '', '', '', ''], text_color=[None, None, None, None, None, None, None, None, None, None, None, None], text_size=[None, None, None, None, None, None, None, None, None, None, None, None], default=KeyDefault(text_color='#000000', text_size=3), x=2.0, y=1.0, width=1, height=1, x2=0, y2=0, width2=1, height2=1, rotation_x=0.0, rotation_y=0.0, rotation_angle=0.0, decal=False, ghost=False, stepped=False, nub=False, profile='', sm='', sb='', st=''), Key(color='#cccccc', labels=['', '', '', '', 'M8', '', '', '', '', '', '', ''], text_color=[None, None, None, None, None, None, None, None, None, None, None, None], text_size=[None, None, None, None, None, None, None, None, None, None, None, None], default=KeyDefault(text_color='#000000', text_size=3), x=3.0, y=1.0, width=1, height=1, x2=0, y2=0, width2=1, height2=1, rotation_x=0.0, rotation_y=0.0, rotation_angle=0.0, decal=False, ghost=False, stepped=False, nub=False, profile='', sm='', sb='', st=''), Key(color='#cccccc', labels=['', '', '', '', 'M9', '', '', '', '', '', '', ''], text_color=[None, None, None, None, None, None, None, None, None, None, None, None], text_size=[None, None, None, None, None, None, None, None, None, None, None, None], default=KeyDefault(text_color='#000000', text_size=3), x=0.0, y=2.0, width=1, height=1, x2=0, y2=0, width2=1, height2=1, rotation_x=0.0, rotation_y=0.0, rotation_angle=0.0, decal=False, ghost=False, stepped=False, nub=False, profile='', sm='', sb='', st=''), Key(color='#cccccc', labels=['', '', '', '', 'M10', '', '', '', '', '', '', ''], text_color=[None, None, None, None, None, None, None, None, None, None, None, None], text_size=[None, None, None, None, None, None, None, None, None, None, None, None], default=KeyDefault(text_color='#000000', text_size=3), x=1.0, y=2.0, width=1, height=1, x2=0, y2=0, width2=1, height2=1, rotation_x=0.0, rotation_y=0.0, rotation_angle=0.0, decal=False, ghost=False, stepped=False, nub=False, profile='', sm='', sb='', st=''), Key(color='#cccccc', labels=['', '', '', '', 'M11', '', '', '', '', '', '', ''], text_color=[None, None, None, None, None, None, None, None, None, None, None, None], text_size=[None, None, None, None, None, None, None, None, None, None, None, None], default=KeyDefault(text_color='#000000', text_size=3), x=2.0, y=2.0, width=1, height=1, x2=0, y2=0, width2=1, height2=1, rotation_x=0.0, rotation_y=0.0, rotation_angle=0.0, decal=False, ghost=False, stepped=False, nub=False, profile='', sm='', sb='', st=''), Key(color='#cccccc', labels=['', '', '', '', 'M12', '', '', '', '', '', '', ''], text_color=[None, None, None, None, None, None, None, None, None, None, None, None], text_size=[None, None, None, None, None, None, None, None, None, None, None, None], default=KeyDefault(text_color='#000000', text_size=3), x=3.0, y=2.0, width=1, height=1, x2=0, y2=0, width2=1, height2=1, rotation_x=0.0, rotation_y=0.0, rotation_angle=0.0, decal=False, ghost=False, stepped=False, nub=False, profile='', sm='', sb='', st=''), Key(color='#cccccc', labels=['', '', '', '', 'M13', '', '', '', '', '', '', ''], text_color=[None, None, None, None, None, None, None, None, None, None, None, None], text_size=[None, None, None, None, None, None, None, None, None, None, None, None], default=KeyDefault(text_color='#000000', text_size=3), x=0.0, y=3.0, width=1, height=1, x2=0, y2=0, width2=1, height2=1, rotation_x=0.0, rotation_y=0.0, rotation_angle=0.0, decal=False, ghost=False, stepped=False, nub=False, profile='', sm='', sb='', st=''), Key(color='#cccccc', labels=['', '', '', '', 'M14', '', '', '', '', '', '', ''], text_color=[None, None, None, None, None, None, None, None, None, None, None, None], text_size=[None, None, None, None, None, None, None, None, None, None, None, None], default=KeyDefault(text_color='#000000', text_size=3), x=1.0, y=3.0, width=1, height=1, x2=0, y2=0, width2=1, height2=1, rotation_x=0.0, rotation_y=0.0, rotation_angle=0.0, decal=False, ghost=False, stepped=False, nub=False, profile='', sm='', sb='', st=''), Key(color='#cccccc', labels=['', '', '', '', 'M15', '', '', '', '', '', '', ''], text_color=[None, None, None, None, None, None, None, None, None, None, None, None], text_size=[None, None, None, None, None, None, None, None, None, None, None, None], default=KeyDefault(text_color='#000000', text_size=3), x=2.0, y=3.0, width=1, height=1, x2=0, y2=0, width2=1, height2=1, rotation_x=0.0, rotation_y=0.0, rotation_angle=0.0, decal=False, ghost=False, stepped=False, nub=False, profile='', sm='', sb='', st=''), Key(color='#cccccc', labels=['', '', '', '', 'M16', '', '', '', '', '', '', ''], text_color=[None, None, None, None, None, None, None, None, None, None, None, None], text_size=[None, None, None, None, None, None, None, None, None, None, None, None], default=KeyDefault(text_color='#000000', text_size=3), x=3.0, y=3.0, width=1, height=1, x2=0, y2=0, width2=1, height2=1, rotation_x=0.0, rotation_y=0.0, rotation_angle=0.0, decal=False, ghost=False, stepped=False, nub=False, profile='', sm='', sb='', st='')]
20:24:04 com_github_zykrah_kicad-kle-placer.kle_placer_action 134: Searching for CH1 footprint
20:24:04 com_github_zykrah_kicad-kle-placer.kle_placer_action 348: first_key_pos (82875000, -128325000)
20:24:04 com_github_zykrah_kicad-kle-placer.kle_placer_action 361: default_key_rotation 180.0
20:24:04 com_github_zykrah_kicad-kle-placer.kle_placer_action 134: Searching for D1 footprint
20:24:04 com_github_zykrah_kicad-kle-placer.kle_placer_action 134: Searching for D1 footprint
20:24:04 com_github_zykrah_kicad-kle-placer.kle_placer_action 134: Searching for CH1 footprint
20:24:04 com_github_zykrah_kicad-kle-placer.kle_placer_action 134: Searching for S1 footprint
20:24:04 com_github_zykrah_kicad-kle-placer.kle_placer_action 142: Setting CH1 footprint position: (92400000, -118800000)
20:24:04 com_github_zykrah_kicad-kle-placer.kle_placer_action 142: Setting D1 footprint position: (98925000, -121800000)
20:24:04 com_github_zykrah_kicad-kle-placer.kle_placer_action 150: Rotating D1 footprint: rotationReference: (92400000, -118800000), rotationAngle: 0
20:24:04 com_github_zykrah_kicad-kle-placer.kle_placer_action 134: Searching for D2 footprint
20:24:04 com_github_zykrah_kicad-kle-placer.kle_placer_action 134: Searching for CH2 footprint
20:24:04 com_github_zykrah_kicad-kle-placer.kle_placer_action 134: Searching for S2 footprint
20:24:04 com_github_zykrah_kicad-kle-placer.kle_placer_action 142: Setting CH2 footprint position: (111450000, -118800000)
20:24:04 com_github_zykrah_kicad-kle-placer.kle_placer_action 142: Setting D2 footprint position: (117975000, -121800000)
20:24:04 com_github_zykrah_kicad-kle-placer.kle_placer_action 150: Rotating D2 footprint: rotationReference: (111450000, -118800000), rotationAngle: 0
20:24:04 com_github_zykrah_kicad-kle-placer.kle_placer_action 134: Searching for D3 footprint
20:24:04 com_github_zykrah_kicad-kle-placer.kle_placer_action 134: Searching for CH3 footprint
20:24:04 com_github_zykrah_kicad-kle-placer.kle_placer_action 134: Searching for S3 footprint
20:24:04 com_github_zykrah_kicad-kle-placer.kle_placer_action 142: Setting CH3 footprint position: (130500000, -118800000)
20:24:04 com_github_zykrah_kicad-kle-placer.kle_placer_action 142: Setting D3 footprint position: (137025000, -121800000)
20:24:04 com_github_zykrah_kicad-kle-placer.kle_placer_action 150: Rotating D3 footprint: rotationReference: (130500000, -118800000), rotationAngle: 0
20:24:04 com_github_zykrah_kicad-kle-placer.kle_placer_action 134: Searching for D4 footprint
20:24:04 com_github_zykrah_kicad-kle-placer.kle_placer_action 134: Searching for CH4 footprint
20:24:04 com_github_zykrah_kicad-kle-placer.kle_placer_action 134: Searching for S4 footprint
20:24:04 com_github_zykrah_kicad-kle-placer.kle_placer_action 142: Setting CH4 footprint position: (149550000, -118800000)
20:24:04 com_github_zykrah_kicad-kle-placer.kle_placer_action 142: Setting D4 footprint position: (156075000, -121800000)
20:24:04 com_github_zykrah_kicad-kle-placer.kle_placer_action 150: Rotating D4 footprint: rotationReference: (149550000, -118800000), rotationAngle: 0
20:24:04 com_github_zykrah_kicad-kle-placer.kle_placer_action 134: Searching for D5 footprint
20:24:04 com_github_zykrah_kicad-kle-placer.kle_placer_action 134: Searching for CH5 footprint
20:24:04 com_github_zykrah_kicad-kle-placer.kle_placer_action 134: Searching for S5 footprint
20:24:04 com_github_zykrah_kicad-kle-placer.kle_placer_action 142: Setting CH5 footprint position: (92400000, -99750000)
20:24:04 com_github_zykrah_kicad-kle-placer.kle_placer_action 142: Setting D5 footprint position: (98925000, -102750000)
20:24:04 com_github_zykrah_kicad-kle-placer.kle_placer_action 150: Rotating D5 footprint: rotationReference: (92400000, -99750000), rotationAngle: 0
20:24:04 com_github_zykrah_kicad-kle-placer.kle_placer_action 134: Searching for D6 footprint
20:24:04 com_github_zykrah_kicad-kle-placer.kle_placer_action 134: Searching for CH6 footprint
20:24:04 com_github_zykrah_kicad-kle-placer.kle_placer_action 134: Searching for S6 footprint
20:24:04 com_github_zykrah_kicad-kle-placer.kle_placer_action 142: Setting CH6 footprint position: (111450000, -99750000)
20:24:04 com_github_zykrah_kicad-kle-placer.kle_placer_action 142: Setting D6 footprint position: (117975000, -102750000)
20:24:04 com_github_zykrah_kicad-kle-placer.kle_placer_action 150: Rotating D6 footprint: rotationReference: (111450000, -99750000), rotationAngle: 0
20:24:04 com_github_zykrah_kicad-kle-placer.kle_placer_action 134: Searching for D7 footprint
20:24:04 com_github_zykrah_kicad-kle-placer.kle_placer_action 134: Searching for CH7 footprint
20:24:04 com_github_zykrah_kicad-kle-placer.kle_placer_action 134: Searching for S7 footprint
20:24:04 com_github_zykrah_kicad-kle-placer.kle_placer_action 142: Setting CH7 footprint position: (130500000, -99750000)
20:24:04 com_github_zykrah_kicad-kle-placer.kle_placer_action 142: Setting D7 footprint position: (137025000, -102750000)
20:24:04 com_github_zykrah_kicad-kle-placer.kle_placer_action 150: Rotating D7 footprint: rotationReference: (130500000, -99750000), rotationAngle: 0
20:24:04 com_github_zykrah_kicad-kle-placer.kle_placer_action 134: Searching for D8 footprint
20:24:04 com_github_zykrah_kicad-kle-placer.kle_placer_action 134: Searching for CH8 footprint
20:24:04 com_github_zykrah_kicad-kle-placer.kle_placer_action 134: Searching for S8 footprint
20:24:04 com_github_zykrah_kicad-kle-placer.kle_placer_action 142: Setting CH8 footprint position: (149550000, -99750000)
20:24:04 com_github_zykrah_kicad-kle-placer.kle_placer_action 142: Setting D8 footprint position: (156075000, -102750000)
20:24:04 com_github_zykrah_kicad-kle-placer.kle_placer_action 150: Rotating D8 footprint: rotationReference: (149550000, -99750000), rotationAngle: 0
20:24:04 com_github_zykrah_kicad-kle-placer.kle_placer_action 134: Searching for D9 footprint
20:24:04 com_github_zykrah_kicad-kle-placer.kle_placer_action 134: Searching for CH9 footprint
20:24:04 com_github_zykrah_kicad-kle-placer.kle_placer_action 134: Searching for S9 footprint
20:24:04 com_github_zykrah_kicad-kle-placer.kle_placer_action 142: Setting CH9 footprint position: (92400000, -80700000)
20:24:04 com_github_zykrah_kicad-kle-placer.kle_placer_action 142: Setting D9 footprint position: (98925000, -83700000)
20:24:04 com_github_zykrah_kicad-kle-placer.kle_placer_action 150: Rotating D9 footprint: rotationReference: (92400000, -80700000), rotationAngle: 0
20:24:04 com_github_zykrah_kicad-kle-placer.kle_placer_action 134: Searching for D10 footprint
20:24:04 com_github_zykrah_kicad-kle-placer.kle_placer_action 134: Searching for CH10 footprint
20:24:04 com_github_zykrah_kicad-kle-placer.kle_placer_action 134: Searching for S10 footprint
20:24:04 com_github_zykrah_kicad-kle-placer.kle_placer_action 142: Setting CH10 footprint position: (111450000, -80700000)
20:24:04 com_github_zykrah_kicad-kle-placer.kle_placer_action 142: Setting D10 footprint position: (117975000, -83700000)
20:24:04 com_github_zykrah_kicad-kle-placer.kle_placer_action 150: Rotating D10 footprint: rotationReference: (111450000, -80700000), rotationAngle: 0
20:24:04 com_github_zykrah_kicad-kle-placer.kle_placer_action 134: Searching for D11 footprint
20:24:04 com_github_zykrah_kicad-kle-placer.kle_placer_action 134: Searching for CH11 footprint
20:24:04 com_github_zykrah_kicad-kle-placer.kle_placer_action 134: Searching for S11 footprint
20:24:04 com_github_zykrah_kicad-kle-placer.kle_placer_action 142: Setting CH11 footprint position: (130500000, -80700000)
20:24:04 com_github_zykrah_kicad-kle-placer.kle_placer_action 142: Setting D11 footprint position: (137025000, -83700000)
20:24:04 com_github_zykrah_kicad-kle-placer.kle_placer_action 150: Rotating D11 footprint: rotationReference: (130500000, -80700000), rotationAngle: 0
20:24:04 com_github_zykrah_kicad-kle-placer.kle_placer_action 134: Searching for D12 footprint
20:24:04 com_github_zykrah_kicad-kle-placer.kle_placer_action 134: Searching for CH12 footprint
20:24:04 com_github_zykrah_kicad-kle-placer.kle_placer_action 134: Searching for S12 footprint
20:24:04 com_github_zykrah_kicad-kle-placer.kle_placer_action 142: Setting CH12 footprint position: (149550000, -80700000)
20:24:04 com_github_zykrah_kicad-kle-placer.kle_placer_action 142: Setting D12 footprint position: (156075000, -83700000)
20:24:04 com_github_zykrah_kicad-kle-placer.kle_placer_action 150: Rotating D12 footprint: rotationReference: (149550000, -80700000), rotationAngle: 0
20:24:04 com_github_zykrah_kicad-kle-placer.kle_placer_action 134: Searching for D13 footprint
20:24:04 com_github_zykrah_kicad-kle-placer.kle_placer_action 134: Searching for CH13 footprint
20:24:04 com_github_zykrah_kicad-kle-placer.kle_placer_action 134: Searching for S13 footprint
20:24:04 com_github_zykrah_kicad-kle-placer.kle_placer_action 142: Setting CH13 footprint position: (92400000, -61650000)
20:24:04 com_github_zykrah_kicad-kle-placer.kle_placer_action 142: Setting D13 footprint position: (98925000, -64650000)
20:24:04 com_github_zykrah_kicad-kle-placer.kle_placer_action 150: Rotating D13 footprint: rotationReference: (92400000, -61650000), rotationAngle: 0
20:24:04 com_github_zykrah_kicad-kle-placer.kle_placer_action 134: Searching for D14 footprint
20:24:04 com_github_zykrah_kicad-kle-placer.kle_placer_action 134: Searching for CH14 footprint
20:24:04 com_github_zykrah_kicad-kle-placer.kle_placer_action 134: Searching for S14 footprint
20:24:04 com_github_zykrah_kicad-kle-placer.kle_placer_action 142: Setting CH14 footprint position: (111450000, -61650000)
20:24:04 com_github_zykrah_kicad-kle-placer.kle_placer_action 142: Setting D14 footprint position: (117975000, -64650000)
20:24:04 com_github_zykrah_kicad-kle-placer.kle_placer_action 150: Rotating D14 footprint: rotationReference: (111450000, -61650000), rotationAngle: 0
20:24:04 com_github_zykrah_kicad-kle-placer.kle_placer_action 134: Searching for D15 footprint
20:24:04 com_github_zykrah_kicad-kle-placer.kle_placer_action 134: Searching for CH15 footprint
20:24:04 com_github_zykrah_kicad-kle-placer.kle_placer_action 134: Searching for S15 footprint
20:24:04 com_github_zykrah_kicad-kle-placer.kle_placer_action 142: Setting CH15 footprint position: (130500000, -61650000)
20:24:04 com_github_zykrah_kicad-kle-placer.kle_placer_action 142: Setting D15 footprint position: (137025000, -64650000)
20:24:04 com_github_zykrah_kicad-kle-placer.kle_placer_action 150: Rotating D15 footprint: rotationReference: (130500000, -61650000), rotationAngle: 0
20:24:04 com_github_zykrah_kicad-kle-placer.kle_placer_action 134: Searching for D16 footprint
20:24:04 com_github_zykrah_kicad-kle-placer.kle_placer_action 134: Searching for CH16 footprint
20:24:04 com_github_zykrah_kicad-kle-placer.kle_placer_action 134: Searching for S16 footprint
20:24:04 com_github_zykrah_kicad-kle-placer.kle_placer_action 142: Setting CH16 footprint position: (149550000, -61650000)
20:24:04 com_github_zykrah_kicad-kle-placer.kle_placer_action 142: Setting D16 footprint position: (156075000, -64650000)
20:24:04 com_github_zykrah_kicad-kle-placer.kle_placer_action 150: Rotating D16 footprint: rotationReference: (149550000, -61650000), rotationAngle: 0
